2015/01/24 16:46:31.248253 [u-soatov/ej5FkkFgHG-000001] Started GET /iclock/cdata?SN=2784613130032&options=all&pushver=2.31&language=82 from 192.168.0.201:42458
2015/01/24 16:46:31.378046 Lastrequest
2015/01/24 16:46:31.380158 GET OPTION FROM: 2784613130032
Stamp=1421143666
OpStamp=1421143666
PhotoStamp=1421143666
ErrorDelay=15
Delay=10
TransTimes=00:00;06:00;12:00;18:00
TransInterval=2
TransFlag=TransData AttLog	OpLog	EnrollUser	ChgUser	ChgFP	AttPhoto	EnrollFP
TimeZone=5
Realtime=1
Encrypt=0

2015/01/24 16:46:31.380300 Returning 200 in 131.926628ms
2015/01/24 16:46:32.540126 [u-soatov/ej5FkkFgHG-000002] Started GET /iclock/getrequest?SN=2784613130032 from 192.168.0.201:42459
2015/01/24 16:46:32.588566 Lastrequest
2015/01/24 16:46:32.688543 Command ID=656618 transfered
2015/01/24 16:46:32.722008 Command ID=656619 transfered
2015/01/24 16:46:32.755550 Command ID=656620 transfered
2015/01/24 16:46:32.789065 Command ID=656621 transfered
2015/01/24 16:46:32.822634 Command ID=656622 transfered
2015/01/24 16:46:32.822735 Returning 200 in 282.552505ms
2015/01/24 16:46:36.966467 [u-soatov/ej5FkkFgHG-000003] Started POST /iclock/devicecmd?SN=2784613130032 from 192.168.0.201:42460
2015/01/24 16:46:37.219434 Returning 200 in 252.856866ms
2015/01/24 16:51:29.413317 [u-soatov/B8eopALdXU-000001] Started GET /iclock/cdata?SN=2784613130032&options=all&pushver=2.31&language=82 from 192.168.0.201:39284
2015/01/24 16:51:29.595654 Lastrequest
2015/01/24 16:51:29.597804 GET OPTION FROM: 2784613130032
Stamp=1421143666
OpStamp=1421143666
PhotoStamp=1421143666
ErrorDelay=15
Delay=10
TransTimes=00:00;06:00;12:00;18:00
TransInterval=2
TransFlag=TransData AttLog	OpLog	EnrollUser	ChgUser	ChgFP	AttPhoto	EnrollFP
TimeZone=5
Realtime=1
Encrypt=0

2015/01/24 16:51:29.597933 Returning 200 in 184.521364ms
2015/01/24 16:51:30.757483 [u-soatov/B8eopALdXU-000002] Started GET /iclock/getrequest?SN=2784613130032 from 192.168.0.201:39285
2015/01/24 16:51:30.805650 Lastrequest
2015/01/24 16:51:30.839199 Command ID=656623 transfered
2015/01/24 16:51:30.872714 Command ID=656624 transfered
2015/01/24 16:51:30.906203 Command ID=656625 transfered
2015/01/24 16:51:30.941364 Command ID=656626 transfered
2015/01/24 16:51:30.974893 Command ID=656627 transfered
2015/01/24 16:51:30.975415 Returning 200 in 217.792041ms
2015/01/24 16:51:35.966830 [u-soatov/B8eopALdXU-000003] Started POST /iclock/devicecmd?SN=2784613130032 from 192.168.0.201:39286
2015/01/24 16:51:36.291809 Returning 200 in 324.838269ms
2015/01/24 17:02:21.692447 [u-soatov/6xcVIqdhJD-000001] Started GET /iclock/cdata?SN=2784613130032&options=all&pushver=2.31&language=82 from 192.168.0.201:41695
2015/01/24 17:02:21.819407 Lastrequest
2015/01/24 17:02:21.820691 GET OPTION FROM: 2784613130032
Stamp=1421143666
OpStamp=1421143666
PhotoStamp=1421143666
ErrorDelay=15
Delay=10
TransTimes=00:00;06:00;12:00;18:00
TransInterval=2
TransFlag=TransData AttLog	OpLog	EnrollUser	ChgUser	ChgFP	AttPhoto	EnrollFP
TimeZone=5
Realtime=1
Encrypt=0

2015/01/24 17:02:21.820731 Returning 200 in 128.204629ms
2015/01/24 17:02:22.980557 [u-soatov/6xcVIqdhJD-000002] Started GET /iclock/getrequest?SN=2784613130032 from 192.168.0.201:41696
2015/01/24 17:02:23.029356 Lastrequest
2015/01/24 17:02:23.107415 Command ID=656628 transfered
2015/01/24 17:02:23.174281 Command ID=656629 transfered
2015/01/24 17:02:23.207840 Command ID=656630 transfered
2015/01/24 17:02:23.241382 Command ID=656631 transfered
2015/01/24 17:02:23.274935 Command ID=656632 transfered
2015/01/24 17:02:23.275325 Returning 200 in 294.674497ms
2015/01/24 17:02:28.128405 [u-soatov/6xcVIqdhJD-000003] Started POST /iclock/devicecmd?SN=2784613130032 from 192.168.0.201:41697
2015/01/24 17:02:28.458361 Returning 200 in 329.787745ms
2015/01/24 17:02:33.079063 [u-soatov/6xcVIqdhJD-000004] Started POST /iclock/cdata?SN=2784613130032&table=OPERLOG&OpStamp=483986583 from 192.168.0.201:41698
2015/01/24 17:02:33.241789 Returning 200 in 162.556614ms
2015/01/24 17:02:33.454093 [u-soatov/6xcVIqdhJD-000005] Started POST /iclock/cdata?SN=2784613130032&table=OPERLOG&OpStamp=484005097 from 192.168.0.201:41699
2015/01/24 17:02:33.490008 Returning 200 in 35.799802ms
2015/01/24 17:02:34.081184 [u-soatov/6xcVIqdhJD-000006] Started POST /iclock/cdata?SN=2784613130032&table=OPERLOG&OpStamp=484145325 from 192.168.0.201:41700
2015/01/24 17:02:34.113522 Returning 200 in 32.250966ms
2015/01/24 17:02:36.086186 [u-soatov/6xcVIqdhJD-000007] Started POST /iclock/cdata?SN=2784613130032&table=ATTLOG&Stamp=484160483 from 192.168.0.201:41701
2015/01/24 17:02:36.473690 Returning 200 in 387.398726ms
2015/01/24 17:02:37.090053 [u-soatov/6xcVIqdhJD-000008] Started POST /iclock/fdata?SN=2784613130032&table=ATTPHOTO&PhotoStamp=483970806 from 192.168.0.201:41702
2015/01/24 17:02:37.090224 Returning 404 in 31.077µs
2015/01/24 17:02:40.098178 [u-soatov/6xcVIqdhJD-000009] Started GET /iclock/getrequest?SN=2784613130032&INFO=Ver%206.5.4(build%20142-0102),61,109,8,10.10.10.225,10,-1,0,0,101 from 192.168.0.201:41705
2015/01/24 17:02:40.224850 Lastrequest
2015/01/24 17:02:40.258346 Command ID=656633 transfered
2015/01/24 17:02:40.303046 Command ID=656634 transfered
2015/01/24 17:02:40.349206 Command ID=656635 transfered
2015/01/24 17:02:40.393887 Command ID=656636 transfered
2015/01/24 17:02:40.427371 Command ID=656637 transfered
2015/01/24 17:02:40.427799 Returning 200 in 329.525029ms
2015/01/24 17:02:41.100568 [u-soatov/6xcVIqdhJD-000010] Started POST /iclock/devicecmd?SN=2784613130032 from 192.168.0.201:41706
2015/01/24 17:02:41.226563 Returning 200 in 125.919214ms
2015/01/24 17:10:16.832658 [u-soatov/C035AFRRu5-000001] Started GET /iclock/cdata?SN=2784613130032&options=all&pushver=2.31&language=82 from 192.168.0.201:55415
2015/01/24 17:10:16.960579 Lastrequest
2015/01/24 17:10:16.962757 GET OPTION FROM: 2784613130032
Stamp=1421143666
OpStamp=1421143666
PhotoStamp=1421143666
ErrorDelay=15
Delay=10
TransTimes=00:00;06:00;12:00;18:00
TransInterval=2
TransFlag=TransData AttLog	OpLog	EnrollUser	ChgUser	ChgFP	AttPhoto	EnrollFP
TimeZone=5
Realtime=1
Encrypt=0

2015/01/24 17:10:16.962850 Returning 200 in 130.080643ms
2015/01/24 17:10:18.122222 [u-soatov/C035AFRRu5-000002] Started POST /iclock/devicecmd?SN=2784613130032 from 192.168.0.201:55416
2015/01/24 17:10:18.281965 Returning 200 in 159.613625ms
2015/01/24 17:10:18.789124 [u-soatov/C035AFRRu5-000003] Started GET /iclock/getrequest?SN=2784613130032 from 192.168.0.201:55417
2015/01/24 17:10:18.916343 Lastrequest
2015/01/24 17:10:18.949828 Command ID=656638 transfered
2015/01/24 17:10:19.016763 Command ID=656639 transfered
2015/01/24 17:10:19.061444 Command ID=656640 transfered
2015/01/24 17:10:19.094953 Command ID=656641 transfered
2015/01/24 17:10:19.128477 Command ID=656642 transfered
2015/01/24 17:10:19.128688 Returning 200 in 339.502344ms
2015/01/24 17:10:24.086769 [u-soatov/C035AFRRu5-000004] Started POST /iclock/devicecmd?SN=2784613130032 from 192.168.0.201:55418
2015/01/24 17:10:24.367303 Returning 200 in 280.407284ms
2015/01/24 17:10:29.070222 [u-soatov/C035AFRRu5-000005] Started POST /iclock/cdata?SN=2784613130032&table=OPERLOG&OpStamp=484005130 from 192.168.0.201:55419
2015/01/24 17:10:29.178875 Returning 200 in 108.52041ms
2015/01/24 17:10:30.061021 [u-soatov/C035AFRRu5-000006] Started POST /iclock/cdata?SN=2784613130032&table=OPERLOG&OpStamp=484145325 from 192.168.0.201:55420
2015/01/24 17:10:30.076115 Returning 200 in 15.016091ms
2015/01/24 17:10:32.066556 [u-soatov/C035AFRRu5-000007] Started POST /iclock/cdata?SN=2784613130032&table=ATTLOG&Stamp=484160483 from 192.168.0.201:55421
2015/01/24 17:10:32.493226 Returning 200 in 426.569609ms
2015/01/24 17:10:33.069694 [u-soatov/C035AFRRu5-000008] Started POST /iclock/fdata?SN=2784613130032&table=ATTPHOTO&PhotoStamp=483970806 from 192.168.0.201:55422
2015/01/24 17:10:33.069775 Returning 404 in 15.749µs
2015/01/24 17:13:59.283898 [u-soatov/boyURnplXT-000001] Started GET /iclock/cdata?SN=2784613130032&options=all&pushver=2.31&language=82 from 192.168.0.201:57100
2015/01/24 17:13:59.418064 Lastrequest
2015/01/24 17:13:59.420415 GET OPTION FROM: 2784613130032
Stamp=1421143666
OpStamp=1421143666
PhotoStamp=1421143666
ErrorDelay=15
Delay=10
TransTimes=00:00;06:00;12:00;18:00
TransInterval=2
TransFlag=TransData AttLog	OpLog	EnrollUser	ChgUser	ChgFP	AttPhoto	EnrollFP
TimeZone=5
Realtime=1
Encrypt=0

2015/01/24 17:13:59.420547 Returning 200 in 136.530971ms
2015/01/24 17:14:00.580909 [u-soatov/boyURnplXT-000002] Started GET /iclock/getrequest?SN=2784613130032 from 192.168.0.201:57101
2015/01/24 17:14:00.716619 Lastrequest
2015/01/24 17:14:00.750168 Command ID=656643 transfered
2015/01/24 17:14:00.783699 Command ID=656644 transfered
2015/01/24 17:14:00.817182 Command ID=656645 transfered
2015/01/24 17:14:00.850752 Command ID=656646 transfered
2015/01/24 17:14:00.884222 Command ID=656647 transfered
2015/01/24 17:14:00.884544 Returning 200 in 303.567957ms
2015/01/24 17:14:05.093565 [u-soatov/boyURnplXT-000003] Started POST /iclock/devicecmd?SN=2784613130032 from 192.168.0.201:57102
2015/01/24 17:14:05.357343 Returning 200 in 263.678335ms
2015/01/24 17:14:11.044051 [u-soatov/boyURnplXT-000004] Started POST /iclock/cdata?SN=2784613130032&table=OPERLOG&OpStamp=484161075 from 192.168.0.201:57103
2015/01/24 17:14:11.258069 Returning 200 in 213.938065ms
2015/01/24 17:14:13.050782 [u-soatov/boyURnplXT-000005] Started POST /iclock/cdata?SN=2784613130032&table=ATTLOG&Stamp=484160483 from 192.168.0.201:57104
2015/01/24 17:14:13.093422 Inserted inout
2015/01/24 17:14:13.127026 Inserted inout
2015/01/24 17:14:13.160669 Inserted inout
2015/01/24 17:14:13.194126 Inserted inout
2015/01/24 17:14:13.372330 Inserted inout
2015/01/24 17:14:13.405987 Inserted inout
2015/01/24 17:14:13.439605 Inserted inout
2015/01/24 17:14:13.473179 Inserted inout
2015/01/24 17:14:13.473244 Returning 200 in 422.402054ms
2015/01/24 17:14:14.053101 [u-soatov/boyURnplXT-000006] Started POST /iclock/fdata?SN=2784613130032&table=ATTPHOTO&PhotoStamp=483970806 from 192.168.0.201:57105
2015/01/24 17:14:14.053197 Returning 404 in 16.615µs
2015/01/24 17:24:24.645266 [u-soatov/1HldCEyNIb-000001] Started GET /iclock/cdata?SN=2784613130032&options=all&pushver=2.31&language=82 from 192.168.0.201:55746
2015/01/24 17:24:24.682832 Lastrequest
2015/01/24 17:24:24.685002 GET OPTION FROM: 2784613130032
Stamp=1421143666
OpStamp=1421143666
PhotoStamp=1421143666
ErrorDelay=15
Delay=10
TransTimes=00:00;06:00;12:00;18:00
TransInterval=2
TransFlag=TransData AttLog	OpLog	EnrollUser	ChgUser	ChgFP	AttPhoto	EnrollFP
TimeZone=5
Realtime=1
Encrypt=0

2015/01/24 17:24:24.685131 Returning 200 in 39.779394ms
2015/01/24 17:24:25.844645 [u-soatov/1HldCEyNIb-000002] Started GET /iclock/getrequest?SN=2784613130032 from 192.168.0.201:55747
2015/01/24 17:24:25.892867 Lastrequest
2015/01/24 17:24:25.926404 Command ID=656648 transfered
2015/01/24 17:24:25.959921 Command ID=656649 transfered
2015/01/24 17:24:25.993479 Command ID=656650 transfered
2015/01/24 17:24:26.026880 Command ID=656651 transfered
2015/01/24 17:24:26.060423 Command ID=656652 transfered
2015/01/24 17:24:26.060697 Returning 200 in 215.979727ms
2015/01/24 17:24:31.011037 [u-soatov/1HldCEyNIb-000003] Started POST /iclock/devicecmd?SN=2784613130032 from 192.168.0.201:55748
2015/01/24 17:24:31.199721 Returning 200 in 188.539846ms
2015/01/24 17:24:37.014626 [u-soatov/1HldCEyNIb-000004] Started POST /iclock/cdata?SN=2784613130032&table=OPERLOG&OpStamp=484161075 from 192.168.0.201:55749
2015/01/24 17:24:37.140040 Returning 200 in 125.290083ms
2015/01/24 17:24:39.049117 [u-soatov/1HldCEyNIb-000005] Started POST /iclock/cdata?SN=2784613130032&table=ATTLOG&Stamp=484160483 from 192.168.0.201:55750
2015/01/24 17:24:39.092708 Inserted inout 103	2015-01-23 12:15:34	0	1
2015/01/24 17:24:39.126316 Inserted inout 194	2015-01-23 14:09:38	0	1
2015/01/24 17:24:39.160024 Inserted inout 103	2015-01-24 11:59:36	0	1
2015/01/24 17:24:39.248988 Inserted inout 103	2015-01-24 11:59:48	0	1
2015/01/24 17:24:39.282646 Inserted inout 103	2015-01-24 11:59:51	0	1
2015/01/24 17:24:39.316232 Inserted inout 103	2015-01-24 17:01:14	0	1
2015/01/24 17:24:39.349866 Inserted inout 5	2015-01-24 17:01:20	0	1
2015/01/24 17:24:39.383317 Inserted inout 5	2015-01-24 17:01:23	0	1
2015/01/24 17:24:39.383457 Returning 200 in 334.257129ms
2015/01/24 17:24:40.023427 [u-soatov/1HldCEyNIb-000006] Started POST /iclock/fdata?SN=2784613130032&table=ATTPHOTO&PhotoStamp=483970806 from 192.168.0.201:55751
2015/01/24 17:24:40.023526 Returning 404 in 16.237µs
2015/01/24 17:36:34.473464 [u-soatov/ML2wV5s8jV-000001] Started GET /iclock/cdata?SN=2784613130032&options=all&pushver=2.31&language=82 from 192.168.0.201:42139
2015/01/24 17:36:34.522553 Lastrequest
2015/01/24 17:36:34.524591 GET OPTION FROM: 2784613130032
Stamp=1421143666
OpStamp=1421143666
PhotoStamp=1421143666
ErrorDelay=15
Delay=10
TransTimes=00:00;06:00;12:00;18:00
TransInterval=2
TransFlag=TransData AttLog	OpLog	EnrollUser	ChgUser	ChgFP	AttPhoto	EnrollFP
TimeZone=5
Realtime=1
Encrypt=0

2015/01/24 17:36:34.524672 Returning 200 in 51.116158ms
2015/01/24 17:36:35.683152 [u-soatov/ML2wV5s8jV-000002] Started GET /iclock/getrequest?SN=2784613130032 from 192.168.0.201:42140
2015/01/24 17:36:35.721208 Lastrequest
2015/01/24 17:36:35.799286 Command ID=656653 transfered
2015/01/24 17:36:35.866192 Command ID=656654 transfered
2015/01/24 17:36:35.899790 Command ID=656655 transfered
2015/01/24 17:36:35.933306 Command ID=656656 transfered
2015/01/24 17:36:35.966804 Command ID=656657 transfered
2015/01/24 17:36:35.966976 Returning 200 in 283.746323ms
2015/01/24 17:36:40.982243 [u-soatov/ML2wV5s8jV-000003] Started POST /iclock/devicecmd?SN=2784613130032 from 192.168.0.201:42141
2015/01/24 17:36:40.982350 Receiving command status ID=656653&Return=0&CMD=DATA
2015/01/24 17:36:41.027593 Command ID=656653 success
2015/01/24 17:36:41.027689 Receiving command status ID=656654&Return=0&CMD=DATA
2015/01/24 17:36:41.061075 Command ID=656654 success
2015/01/24 17:36:41.061202 Receiving command status ID=656655&Return=0&CMD=DATA
2015/01/24 17:36:41.094538 Command ID=656655 success
2015/01/24 17:36:41.094651 Receiving command status ID=656656&Return=0&CMD=DATA
2015/01/24 17:36:41.128062 Command ID=656656 success
2015/01/24 17:36:41.128142 Receiving command status ID=656657&Return=0&CMD=DATA
2015/01/24 17:36:41.161601 Command ID=656657 success
2015/01/24 17:36:41.161668 Returning 200 in 179.357982ms
2015/01/24 17:36:45.995569 [u-soatov/ML2wV5s8jV-000004] Started POST /iclock/cdata?SN=2784613130032&table=OPERLOG&OpStamp=483986583 from 192.168.0.201:42142
2015/01/24 17:36:46.067098 Returning 200 in 71.422927ms
2015/01/24 17:38:48.284797 [u-soatov/WaIPuOUb6r-000001] Started GET /iclock/cdata?SN=2784613130032&options=all&pushver=2.31&language=82 from 192.168.0.201:39179
2015/01/24 17:38:48.325320 Lastrequest
2015/01/24 17:38:48.327444 GET OPTION FROM: 2784613130032
Stamp=1421143666
OpStamp=1421143666
PhotoStamp=1421143666
ErrorDelay=15
Delay=10
TransTimes=00:00;06:00;12:00;18:00
TransInterval=2
TransFlag=TransData AttLog	OpLog	EnrollUser	ChgUser	ChgFP	AttPhoto	EnrollFP
TimeZone=5
Realtime=1
Encrypt=0

2015/01/24 17:38:48.327526 Returning 200 in 42.636474ms
2015/01/24 17:38:49.487674 [u-soatov/WaIPuOUb6r-000002] Started GET /iclock/getrequest?SN=2784613130032 from 192.168.0.201:39180
2015/01/24 17:38:49.535022 Lastrequest
2015/01/24 17:38:49.568548 Command ID=656618 transfered
2015/01/24 17:38:49.602074 Command ID=656619 transfered
2015/01/24 17:38:49.635615 Command ID=656620 transfered
2015/01/24 17:38:49.669116 Command ID=656621 transfered
2015/01/24 17:38:49.702709 Command ID=656622 transfered
2015/01/24 17:38:49.702906 Returning 200 in 215.173384ms
2015/01/24 17:38:53.986759 [u-soatov/WaIPuOUb6r-000003] Started POST /iclock/devicecmd?SN=2784613130032 from 192.168.0.201:39181
2015/01/24 17:38:53.986854 Receiving command status ID=656618&Return=0&CMD=DATA
2015/01/24 17:38:54.031031 Command ID=656618 status updated
2015/01/24 17:38:54.031147 Receiving command status ID=656619&Return=0&CMD=DATA
2015/01/24 17:38:54.064349 Command ID=656619 status updated
2015/01/24 17:38:54.064400 Receiving command status ID=656620&Return=0&CMD=DATA
2015/01/24 17:38:54.097933 Command ID=656620 status updated
2015/01/24 17:38:54.098047 Receiving command status ID=656621&Return=0&CMD=DATA
2015/01/24 17:38:54.131455 Command ID=656621 status updated
2015/01/24 17:38:54.131515 Receiving command status ID=656622&Return=0&CMD=DATA
2015/01/24 17:38:54.264977 Command ID=656622 status updated
2015/01/24 17:38:54.265089 Returning 200 in 278.253779ms
2015/01/24 17:38:59.953402 [u-soatov/WaIPuOUb6r-000004] Started POST /iclock/cdata?SN=2784613130032&table=OPERLOG&OpStamp=484161075 from 192.168.0.201:39182
2015/01/24 17:39:00.079251 Returning 200 in 125.739314ms
2015/01/24 17:39:01.958470 [u-soatov/WaIPuOUb6r-000005] Started POST /iclock/cdata?SN=2784613130032&table=ATTLOG&Stamp=484160483 from 192.168.0.201:39183
2015/01/24 17:39:01.990019 Inserted inout 103	2015-01-23 12:15:34	0	1
2015/01/24 17:39:02.023582 Inserted inout 194	2015-01-23 14:09:38	0	1
2015/01/24 17:39:02.057325 Inserted inout 103	2015-01-24 11:59:36	0	1
2015/01/24 17:39:02.091205 Inserted inout 103	2015-01-24 11:59:48	0	1
2015/01/24 17:39:02.124659 Inserted inout 103	2015-01-24 11:59:51	0	1
2015/01/24 17:39:02.158233 Inserted inout 103	2015-01-24 17:01:14	0	1
2015/01/24 17:39:02.191815 Inserted inout 5	2015-01-24 17:01:20	0	1
2015/01/24 17:39:02.227108 Inserted inout 5	2015-01-24 17:01:23	0	1
2015/01/24 17:39:02.227222 Returning 200 in 268.705694ms
2015/01/24 17:39:02.961541 [u-soatov/WaIPuOUb6r-000006] Started POST /iclock/fdata?SN=2784613130032&table=ATTPHOTO&PhotoStamp=483970806 from 192.168.0.201:39184
2015/01/24 17:39:02.961659 Returning 404 in 20.068µs
2015/01/24 17:39:05.969634 [u-soatov/WaIPuOUb6r-000007] Started GET /iclock/getrequest?SN=2784613130032&INFO=Ver%206.5.4(build%20142-0102),61,109,8,10.10.10.225,10,-1,0,0,101 from 192.168.0.201:39187
2015/01/24 17:39:06.022886 Lastrequest
2015/01/24 17:39:06.089815 Command ID=656623 transfered
2015/01/24 17:39:06.167943 Command ID=656624 transfered
2015/01/24 17:39:06.201516 Command ID=656625 transfered
2015/01/24 17:39:06.235016 Command ID=656626 transfered
2015/01/24 17:39:06.268550 Command ID=656627 transfered
2015/01/24 17:39:06.268850 Returning 200 in 299.141917ms
2015/01/24 17:39:06.988371 [u-soatov/WaIPuOUb6r-000008] Started POST /iclock/devicecmd?SN=2784613130032 from 192.168.0.201:39188
2015/01/24 17:39:06.988493 Receiving command status ID=656623&Return=0&CMD=DATA
2015/01/24 17:39:07.034562 Command ID=656623 status updated
2015/01/24 17:39:07.034682 Returning 200 in 46.236437ms
2015/01/24 17:39:10.996393 [u-soatov/WaIPuOUb6r-000009] Started POST /iclock/devicecmd?SN=2784613130032 from 192.168.0.201:39189
2015/01/24 17:39:10.996535 Receiving command status ID=656624&Return=0&CMD=DATA
2015/01/24 17:39:11.107849 Command ID=656624 status updated
2015/01/24 17:39:11.107952 Receiving command status ID=656625&Return=0&CMD=DATA
2015/01/24 17:39:11.141390 Command ID=656625 status updated
2015/01/24 17:39:11.141521 Receiving command status ID=656626&Return=0&CMD=DATA
2015/01/24 17:39:11.174917 Command ID=656626 status updated
2015/01/24 17:39:11.175019 Receiving command status ID=656627&Return=0&CMD=DATA
2015/01/24 17:39:11.241726 Command ID=656627 status updated
2015/01/24 17:39:11.241838 Returning 200 in 245.370068ms
2015/01/24 17:39:12.989450 [u-soatov/WaIPuOUb6r-000010] Started GET /iclock/getrequest?SN=2784613130032&INFO=Ver%206.5.4(build%20142-0102),61,109,8,10.10.10.225,10,-1,0,0,101 from 192.168.0.201:39190
2015/01/24 17:39:13.039842 Lastrequest
2015/01/24 17:39:13.073445 Command ID=656628 transfered
2015/01/24 17:39:13.106939 Command ID=656629 transfered
2015/01/24 17:39:13.140580 Command ID=656630 transfered
2015/01/24 17:39:13.174091 Command ID=656631 transfered
2015/01/24 17:39:13.207507 Command ID=656632 transfered
2015/01/24 17:39:13.207806 Returning 200 in 218.27541ms
2015/01/24 17:39:17.969249 [u-soatov/WaIPuOUb6r-000011] Started POST /iclock/devicecmd?SN=2784613130032 from 192.168.0.201:39191
2015/01/24 17:39:17.969776 Receiving command status ID=656628&Return=0&CMD=DATA
2015/01/24 17:39:18.013798 Command ID=656628 status updated
2015/01/24 17:39:18.013895 Receiving command status ID=656629&Return=0&CMD=DATA
2015/01/24 17:39:18.047215 Command ID=656629 status updated
2015/01/24 17:39:18.047311 Receiving command status ID=656630&Return=0&CMD=DATA
2015/01/24 17:39:18.080757 Command ID=656630 status updated
2015/01/24 17:39:18.080854 Receiving command status ID=656631&Return=0&CMD=DATA
2015/01/24 17:39:18.114290 Command ID=656631 status updated
2015/01/24 17:39:18.114387 Receiving command status ID=656632&Return=0&CMD=DATA
2015/01/24 17:39:18.147850 Command ID=656632 status updated
2015/01/24 17:39:18.148003 Returning 200 in 178.672599ms
2015/01/24 17:39:19.959960 [u-soatov/WaIPuOUb6r-000012] Started GET /iclock/getrequest?SN=2784613130032&INFO=Ver%206.5.4(build%20142-0102),61,109,8,10.10.10.225,10,-1,0,0,101 from 192.168.0.201:39192
2015/01/24 17:39:20.012372 Lastrequest
2015/01/24 17:39:20.045853 Command ID=656633 transfered
2015/01/24 17:39:20.090460 Command ID=656634 transfered
2015/01/24 17:39:20.136576 Command ID=656635 transfered
2015/01/24 17:39:20.181217 Command ID=656636 transfered
2015/01/24 17:39:20.214727 Command ID=656637 transfered
2015/01/24 17:39:20.214931 Returning 200 in 254.899465ms
2015/01/24 17:39:24.990715 [u-soatov/WaIPuOUb6r-000013] Started POST /iclock/devicecmd?SN=2784613130032 from 192.168.0.201:39193
2015/01/24 17:39:24.990837 Receiving command status ID=656633&Return=0&CMD=DATA
2015/01/24 17:39:25.031652 Command ID=656633 status updated
2015/01/24 17:39:25.031760 Receiving command status ID=656634&Return=0&CMD=DATA
2015/01/24 17:39:25.065131 Command ID=656634 status updated
2015/01/24 17:39:25.065237 Receiving command status ID=656635&Return=0&CMD=DATA
2015/01/24 17:39:25.098649 Command ID=656635 status updated
2015/01/24 17:39:25.098765 Receiving command status ID=656636&Return=0&CMD=DATA
2015/01/24 17:39:25.132222 Command ID=656636 status updated
2015/01/24 17:39:25.132337 Receiving command status ID=656637&Return=0&CMD=DATA
2015/01/24 17:39:25.165739 Command ID=656637 status updated
2015/01/24 17:39:25.165905 Returning 200 in 175.087112ms
2015/01/24 17:39:26.980110 [u-soatov/WaIPuOUb6r-000014] Started GET /iclock/getrequest?SN=2784613130032&INFO=Ver%206.5.4(build%20142-0102),61,109,8,10.10.10.225,10,-1,0,0,101 from 192.168.0.201:39194
2015/01/24 17:39:27.030201 Lastrequest
2015/01/24 17:39:27.097191 Command ID=656638 transfered
2015/01/24 17:39:27.164198 Command ID=656639 transfered
2015/01/24 17:39:27.197653 Command ID=656640 transfered
2015/01/24 17:39:27.231269 Command ID=656641 transfered
2015/01/24 17:39:27.264864 Command ID=656642 transfered
2015/01/24 17:39:27.265174 Returning 200 in 284.982017ms
2015/01/24 17:39:32.010414 [u-soatov/WaIPuOUb6r-000015] Started POST /iclock/devicecmd?SN=2784613130032 from 192.168.0.201:39195
2015/01/24 17:39:32.010511 Receiving command status ID=656638&Return=0&CMD=DATA
2015/01/24 17:39:32.048161 Command ID=656638 status updated
2015/01/24 17:39:32.048251 Receiving command status ID=656639&Return=0&CMD=DATA
2015/01/24 17:39:32.081672 Command ID=656639 status updated
2015/01/24 17:39:32.081778 Receiving command status ID=656640&Return=0&CMD=DATA
2015/01/24 17:39:32.115112 Command ID=656640 status updated
2015/01/24 17:39:32.115189 Receiving command status ID=656641&Return=0&CMD=DATA
2015/01/24 17:39:32.148609 Command ID=656641 status updated
2015/01/24 17:39:32.148694 Receiving command status ID=656642&Return=0&CMD=DATA
2015/01/24 17:39:32.182222 Command ID=656642 status updated
2015/01/24 17:39:32.182335 Returning 200 in 171.858802ms
2015/01/24 17:39:33.949246 [u-soatov/WaIPuOUb6r-000016] Started GET /iclock/getrequest?SN=2784613130032&INFO=Ver%206.5.4(build%20142-0102),61,109,8,10.10.10.225,10,-1,0,0,101 from 192.168.0.201:39196
2015/01/24 17:39:33.992089 Lastrequest
2015/01/24 17:39:34.081078 Command ID=656643 transfered
2015/01/24 17:39:34.114554 Command ID=656644 transfered
2015/01/24 17:39:34.148125 Command ID=656645 transfered
2015/01/24 17:39:34.181605 Command ID=656646 transfered
2015/01/24 17:39:34.226204 Command ID=656647 transfered
2015/01/24 17:39:34.226594 Returning 200 in 277.233056ms
2015/01/24 17:39:38.983184 [u-soatov/WaIPuOUb6r-000017] Started POST /iclock/devicecmd?SN=2784613130032 from 192.168.0.201:39197
2015/01/24 17:39:38.983326 Receiving command status ID=656643&Return=0&CMD=DATA
2015/01/24 17:39:39.020626 Command ID=656643 status updated
2015/01/24 17:39:39.020710 Receiving command status ID=656644&Return=0&CMD=DATA
2015/01/24 17:39:39.054112 Command ID=656644 status updated
2015/01/24 17:39:39.054193 Receiving command status ID=656645&Return=0&CMD=DATA
2015/01/24 17:39:39.087551 Command ID=656645 status updated
2015/01/24 17:39:39.087630 Receiving command status ID=656646&Return=0&CMD=DATA
2015/01/24 17:39:39.122732 Command ID=656646 status updated
2015/01/24 17:39:39.122780 Receiving command status ID=656647&Return=0&CMD=DATA
2015/01/24 17:39:39.156239 Command ID=656647 status updated
2015/01/24 17:39:39.156356 Returning 200 in 173.111203ms
2015/01/24 17:39:40.996612 [u-soatov/WaIPuOUb6r-000018] Started GET /iclock/getrequest?SN=2784613130032&INFO=Ver%206.5.4(build%20142-0102),61,109,8,10.10.10.225,10,-1,0,0,101 from 192.168.0.201:39198
2015/01/24 17:39:41.032642 Lastrequest
2015/01/24 17:39:41.066039 Command ID=656648 transfered
2015/01/24 17:39:41.099555 Command ID=656649 transfered
2015/01/24 17:39:41.133067 Command ID=656650 transfered
2015/01/24 17:39:41.166626 Command ID=656651 transfered
2015/01/24 17:39:41.200146 Command ID=656652 transfered
2015/01/24 17:39:41.200420 Returning 200 in 203.73439ms
